[0m23:21:02.759024 [debug] [MainThread]: Sending event: {'category': 'dbt', 'action': 'invocation', 'label': 'start', 'context': [<snowplow_tracker.self_describing_json.SelfDescribingJson object at 0x7b3d05cf7dc0>, <snowplow_tracker.self_describing_json.SelfDescribingJson object at 0x7b3d0607e620>, <snowplow_tracker.self_describing_json.SelfDescribingJson object at 0x7b3d0607e5c0>]}


============================== 23:21:02.761126 | a5502169-3dec-46f4-82f1-b9d3eda702f9 ==============================
[0m23:21:02.761126 [info ] [MainThread]: Running with dbt=1.8.6
[0m23:21:02.761507 [debug] [MainThread]: running dbt with arguments {'printer_width': '80', 'indirect_selection': 'eager', 'write_json': 'True', 'log_cache_events': 'False', 'partial_parse': 'True', 'cache_selected_only': 'False', 'profiles_dir': '/home/leovdn/.dbt', 'debug': 'False', 'version_check': 'True', 'log_path': 'logs', 'fail_fast': 'False', 'warn_error': 'None', 'use_colors': 'True', 'use_experimental_parser': 'False', 'empty': 'None', 'quiet': 'False', 'no_print': 'None', 'warn_error_options': 'WarnErrorOptions(include=[], exclude=[])', 'introspect': 'True', 'invocation_command': 'dbt init sells_dbt', 'log_format': 'default', 'target_path': 'None', 'static_parser': 'True', 'send_anonymous_usage_stats': 'True'}
[0m23:21:02.765924 [warn ] [MainThread]: [ConfigFolderDirectory]: Unable to parse dict {'dir': PosixPath('/home/leovdn/.dbt')}
[0m23:21:02.766242 [info ] [MainThread]: Creating dbt configuration folder at 
[0m23:21:02.767041 [debug] [MainThread]: Starter project path: /home/leovdn/Dev/study/Python/python-crm-datawharehouse/.venv/lib/python3.10/site-packages/dbt/include/starter_project
[0m23:21:02.768737 [info ] [MainThread]: 
Your new dbt project "sells_dbt" was created!

For more information on how to configure the profiles.yml file,
please consult the dbt documentation here:

  https://docs.getdbt.com/docs/configure-your-profile

One more thing:

Need help? Don't hesitate to reach out to us via GitHub issues or on Slack:

  https://community.getdbt.com/

Happy modeling!

[0m23:21:02.769038 [info ] [MainThread]: Setting up your profile.
[0m23:23:07.200507 [info ] [MainThread]: Profile sells_dbt written to /home/leovdn/.dbt/profiles.yml using target's profile_template.yml and your supplied values. Run 'dbt debug' to validate the connection.
[0m23:23:07.201452 [debug] [MainThread]: Resource report: {"command_name": "init", "command_success": true, "command_wall_clock_time": 124.47732, "process_user_time": 0.787972, "process_kernel_time": 0.058923, "process_mem_max_rss": "90108", "process_in_blocks": "992", "process_out_blocks": "80"}
[0m23:23:07.202009 [debug] [MainThread]: Command `dbt init` succeeded at 23:23:07.201905 after 124.48 seconds
[0m23:23:07.202388 [debug] [MainThread]: Sending event: {'category': 'dbt', 'action': 'invocation', 'label': 'end', 'context': [<snowplow_tracker.self_describing_json.SelfDescribingJson object at 0x7b3d05cf7dc0>, <snowplow_tracker.self_describing_json.SelfDescribingJson object at 0x7b3d0607e9b0>, <snowplow_tracker.self_describing_json.SelfDescribingJson object at 0x7b3d0607fe20>]}
[0m23:23:07.202761 [debug] [MainThread]: Flushing usage events
